0 info it worked if it ends with ok
1 verbose cli [ '/usr/bin/node', '/usr/bin/npm', 'test' ]
2 info using npm@4.0.0
3 info using node@v8.9.1
4 verbose run-script [ 'pretest', 'test', 'posttest' ]
5 info lifecycle todo-api@1.0.0~pretest: todo-api@1.0.0
6 silly lifecycle todo-api@1.0.0~pretest: no script for pretest, continuing
7 info lifecycle todo-api@1.0.0~test: todo-api@1.0.0
8 verbose lifecycle todo-api@1.0.0~test: unsafe-perm in lifecycle true
9 verbose lifecycle todo-api@1.0.0~test: PATH: /usr/lib/node_modules/npm/bin/node-gyp-bin:/home/ptiweb/Desktop/work/nodeApps/node-todoApp/node_modules/.bin:/usr/lib/node_modules/npm/bin/node-gyp-bin:/home/ptiweb/Desktop/work/nodeApps/node-todoApp/node_modules/.bin:/usr/local/sbin:/usr/local/bin:/usr/sbin:/usr/bin:/sbin:/bin
10 verbose lifecycle todo-api@1.0.0~test: CWD: /home/ptiweb/Desktop/work/nodeApps/node-todoApp
11 silly lifecycle todo-api@1.0.0~test: Args: [ '-c', 'mocha server/**/*.test.js' ]
12 silly lifecycle todo-api@1.0.0~test: Returned: code: 1  signal: null
13 info lifecycle todo-api@1.0.0~test: Failed to exec test script
14 error Test failed.  See above for more details.
15 verbose exit [ 1, true ]
16 verbose stack Error: EIO: i/o error, write
16 verbose stack     at Object.fs.writeSync (fs.js:735:20)
16 verbose stack     at SyncWriteStream._write (internal/fs.js:74:6)
16 verbose stack     at doWrite (_stream_writable.js:387:12)
16 verbose stack     at writeOrBuffer (_stream_writable.js:373:5)
16 verbose stack     at SyncWriteStream.Writable.write (_stream_writable.js:290:11)
16 verbose stack     at EventEmitter.log.write (/usr/lib/node_modules/npm/node_modules/npmlog/log.js:265:10)
16 verbose stack     at EventEmitter.<anonymous> (/usr/lib/node_modules/npm/node_modules/npmlog/log.js:228:12)
16 verbose stack     at Array.forEach (<anonymous>)
16 verbose stack     at EventEmitter.log.emitLog (/usr/lib/node_modules/npm/node_modules/npmlog/log.js:226:28)
16 verbose stack     at EventEmitter.<anonymous> (/usr/lib/node_modules/npm/node_modules/npmlog/log.js:159:10)
17 verbose cwd /home/ptiweb/Desktop/work/nodeApps/node-todoApp
18 error Linux 3.13.0-24-generic
19 error argv "/usr/bin/node" "/usr/bin/npm" "test"
20 error node v8.9.1
21 error npm  v4.0.0
22 error code EIO
23 error errno -5
24 error syscall write
25 error EIO: i/o error, write
26 error If you need help, you may report this error at:
26 error     <https://github.com/npm/npm/issues>
27 verbose exit [ -5, true ]
